<?xml version="1.0" encoding="UTF-8"?>
<testsuite xmlns:xsi="http://www.w3.org/2001/XMLSchema-instance" xsi:noNamespaceSchemaLocation="https://maven.apache.org/surefire/maven-surefire-plugin/xsd/surefire-test-report.xsd" name="US1006 Fake bilgilerle kullanici olusturma" time="12.78" tests="1" errors="1" skipped="0" failures="0">
  <properties>
[...]
</properties>
  <testcase name="TC14 Faker classi kullanarak facebook&apos;da kayit olusturulabilmeli" classname="US1006 Fake bilgilerle kullanici olusturma" time="12.78">
    <error message="element not interactable&#10;  (Session info: chrome=124.0.6367.62)&#10;Build info: version: &apos;4.19.1&apos;, revision: &apos;abe0ee07dc&apos;&#10;System info: os.name: &apos;Mac OS X&apos;, os.arch: &apos;aarch64&apos;, os.version: &apos;14.4.1&apos;, java.version: &apos;18.0.2&apos;&#10;Driver info: org.openqa.selenium.chrome.ChromeDriver&#10;Command: [085eef88a8cbf8bb889588b2e5406bbb, clickElement {id=f.4BA180FD0983C18A81C5ED804479CA5C.d.A2B53F903A201B4846444A5579AE16F1.e.39}]&#10;Capabilities {acceptInsecureCerts: false, browserName: chrome, browserVersion: 124.0.6367.62, chrome: {chromedriverVersion: 124.0.6367.60 (8771130bd84f..., userDataDir: /var/folders/k5/tn4cs92s1h3...}, fedcm:accounts: true, goog:chromeOptions: {debuggerAddress: localhost:63434}, networkConnectionEnabled: false, pageLoadStrategy: normal, platformName: mac, proxy: Proxy(), se:cdp: ws://localhost:63434/devtoo..., se:cdpVersion: 124.0.6367.62, setWindowRect: true, strictFileInteractability: false, timeouts: {implicit: 0, pageLoad: 300000, script: 30000}, unhandledPromptBehavior: dismiss and notify, webauthn:extension:credBlob: true, webauthn:extension:largeBlob: true, webauthn:extension:minPinLength: true, webauthn:extension:prf: true, webauthn:virtualAuthenticators: true}&#10;Element: [[ChromeDriver: chrome on mac (085eef88a8cbf8bb889588b2e5406bbb)] -&gt; xpath: //*[text()=&apos;Allow all cookies&apos;]]&#10;Session ID: 085eef88a8cbf8bb889588b2e5406bbb" type="org.openqa.selenium.ElementNotInteractableException">org.openqa.selenium.ElementNotInteractableException: 
element not interactable
  (Session info: chrome=124.0.6367.62)
Build info: version: '4.19.1', revision: 'abe0ee07dc'
System info: os.name: 'Mac OS X', os.arch: 'aarch64', os.version: '14.4.1', java.version: '18.0.2'
Driver info: org.openqa.selenium.chrome.ChromeDriver
Command: [085eef88a8cbf8bb889588b2e5406bbb, clickElement {id=f.4BA180FD0983C18A81C5ED804479CA5C.d.A2B53F903A201B4846444A5579AE16F1.e.39}]
Capabilities {acceptInsecureCerts: false, browserName: chrome, browserVersion: 124.0.6367.62, chrome: {chromedriverVersion: 124.0.6367.60 (8771130bd84f..., userDataDir: /var/folders/k5/tn4cs92s1h3...}, fedcm:accounts: true, goog:chromeOptions: {debuggerAddress: localhost:63434}, networkConnectionEnabled: false, pageLoadStrategy: normal, platformName: mac, proxy: Proxy(), se:cdp: ws://localhost:63434/devtoo..., se:cdpVersion: 124.0.6367.62, setWindowRect: true, strictFileInteractability: false, timeouts: {implicit: 0, pageLoad: 300000, script: 30000}, unhandledPromptBehavior: dismiss and notify, webauthn:extension:credBlob: true, webauthn:extension:largeBlob: true, webauthn:extension:minPinLength: true, webauthn:extension:prf: true, webauthn:virtualAuthenticators: true}
Element: [[ChromeDriver: chrome on mac (085eef88a8cbf8bb889588b2e5406bbb)] -> xpath: //*[text()='Allow all cookies']]
Session ID: 085eef88a8cbf8bb889588b2e5406bbb
</error>
    <system-err><![CDATA[Apr 23, 2024 11:43:59 AM org.openqa.selenium.devtools.CdpVersionFinder findNearestMatch
WARNING: Unable to find an exact match for CDP version 124, returning the closest version; found: 123; Please update to a Selenium version that supports CDP version 124
]]></system-err>
  </testcase>
</testsuite>