<?xml version="1.0" encoding="UTF-8"?>
<testsuite xmlns:xsi="http://www.w3.org/2001/XMLSchema-instance" xsi:noNamespaceSchemaLocation="https://maven.apache.org/surefire/maven-surefire-plugin/xsd/surefire-test-report.xsd" name="US1010 Kullanici verilen gecersiz kullanici adi ve sifrelerle" time="31.154" tests="5" errors="0" skipped="0" failures="0">
  <properties>
[...]
</properties>
  <testcase name="TC18 liste olarak verilen gecersiz bilgiler ile giris yapilamaz #1" classname="US1010 Kullanici verilen gecersiz kullanici adi ve sifrelerle" time="6.513"/>
  <testcase name="TC18 liste olarak verilen gecersiz bilgiler ile giris yapilamaz #2" classname="US1010 Kullanici verilen gecersiz kullanici adi ve sifrelerle" time="6.317"/>
  <testcase name="TC18 liste olarak verilen gecersiz bilgiler ile giris yapilamaz #3" classname="US1010 Kullanici verilen gecersiz kullanici adi ve sifrelerle" time="6.13"/>
  <testcase name="TC18 liste olarak verilen gecersiz bilgiler ile giris yapilamaz #4" classname="US1010 Kullanici verilen gecersiz kullanici adi ve sifrelerle" time="6.109"/>
  <testcase name="TC18 liste olarak verilen gecersiz bilgiler ile giris yapilamaz #5" classname="US1010 Kullanici verilen gecersiz kullanici adi ve sifrelerle" time="6.085"/>
</testsuite>